[15]
hükmün onanmasina
olduğu dava
kararın basit
basit kararın
olduğu hüküm
mahkemesi hüküm
olduğu uygun
hüküm dava
dava hüküm
olduğu ilişkin
[14]
yöndeki görüşüne
evresine geçilmiş
sürdürülüp sonuçlandırılmak
milleti adina
yorumlamaya müsait
any mah
bölge adliye
yansıtan tutanaklar
fesat karıştırma
anlatılış biçimine
[13]
evresine geçilmiş
sürdürülüp sonuçlandırılmak
milleti adina
yansıtan tutanaklar
bölge adliye
yorumlamaya müsait
any mah
fesat karıştırma
verirken yoruma
anlatılış biçimine
[12]
yöndeki görüşüne
evresine geçilmiş
bölge adliye
milleti adina
yansıtan tutanaklar
yorumlamaya müsait
any mah
anlatılış biçimine
verirken yoruma
cbaşsavcılığına tevdine
[11]
yöndeki görüşüne
evresine geçilmiş
any mah
yansıtan tutanaklar
bölge adliye
milleti adina
sınırlama getirilmiş
hukuku anlamında
türkiye cumhuriyeti
avrupa insan
[5]
yöndeki görüşüne
bozmayı gerektirmiş
resmi gazetede
dört aydan
başsavcılığına tevdiine
insan hakları
yürürlüğe giren
adil yargılanma
süreklilik gösteren
belirlenmiştir amaç
[4]
yöndeki görüşüne
resmi gazetede
bozmayı gerektirmiş
başsavcılığına tevdiine
takdirine gösterilen
insan hakları
gösterilen gerekçeye
kaynaklanan tazminat
tazminat istemine
yürürlüğe giren
[6]
yöndeki görüşüne
oluşan inanç
bozmayı gerektirmiş
any mah
insan hakları
başsavcılığına tevdiine
resmi gazetede
adil yargılanma
belirlenmiştir amaç
zamanaşımına uğrama
[7]
yöndeki görüşüne
oluşan inanç
bozmayı gerektirmiş
sınırlama getirilmiş
any mah
resmi gazetede
başsavcılığına tevdiine
mahkemelerine emek
belirlenmiştir amaç
adil yargılanma
[19]
evresine geçilmiş
sürdürülüp sonuçlandırılmak
bölge adliye
yorumlamaya müsait
ırak tutulmamalıdır
yansıtan tutanaklar
anlatılış biçimine
cbaşsavcılığına tevdine
yasaca cevaz
any mah
[18]
evresine geçilmiş
sürdürülüp sonuçlandırılmak
yorumlamaya müsait
ırak tutulmamalıdır
bölge adliye
yansıtan tutanaklar
fesat karıştırma
anlatılış biçimine
verirken yoruma
cbaşsavcılığına tevdine
