[15]
hükmün onanmasina
olduğu dava
kararın basit
basit kararın
olduğu hüküm
mahkemesi hüküm
olduğu uygun
hüküm dava
dava hüküm
olduğu ilişkin
dava uygun
uygun dava
ilişkin dava
bölge kararın
kararın yer
yer kararın
kararın adliye
adliye kararın
olduğu sanığın
dava ilişkin
yapılan yargılama
kararın bölge
olduğu mahkemesi
olduğu yapılan
sanığın temyiz
uygun hüküm
hüküm uygun
davalı kararın
olan yer
olan adliye
hüküm sanık
basit bölge
bölge basit
olduğu gereği
yer basit
basit yer
basit adliye
adliye basit
mahkemesi dava
dava mahkemesi
yapılan dava
dava yapılan
hüküm ilişkin
olan bölge
ilişkin uygun
uygun ilişkin
kararı kararın
kararın kararı
olan basit
sanığın dava
[14]
yöndeki görüşüne
evresine geçilmiş
sürdürülüp sonuçlandırılmak
milleti adina
yorumlamaya müsait
any mah
bölge adliye
yansıtan tutanaklar
fesat karıştırma
anlatılış biçimine
verirken yoruma
cbaşsavcılığına tevdine
işlenmesindeki özellikler
şekline dönüşmüştür
sınırlama getirilmiş
avrupa insan
hiçbirine uymamaktadır
ödül terfileri
gerekçelerde tutarlılık
nejdet şahin
mezkur ihbarnamede
erişilebilir bilinebilir
türkiye cumhuriyeti
üniversitelerin arkeoloji
ilgileri tasnif
hakimiyetini kaybederek
direksiyon hakimiyetini
belgede sahtecilik
yasaca cevaz
bordo tahakkuklarında
hayırsever vatandaşın
hidrolik kaya
düzenlemelere uymak
kenevir ekme
gözden ırak
kanıtlama yeterliliği
norm denetimi
hukuku anlamında
gerçekleşmesini beklemek
düzenlenmesinde yalan
bozmayı gerektirmiş
düşüncesi alındı
tutanakları münderecatına
adil yargılanma
kişiyi hürriyetinden
gecikmesinde sakınca
çekmecesinde kutu
penil şaft
konumuna getirmez
hard disk
[13]
evresine geçilmiş
sürdürülüp sonuçlandırılmak
milleti adina
yansıtan tutanaklar
bölge adliye
yorumlamaya müsait
any mah
fesat karıştırma
verirken yoruma
anlatılış biçimine
yöndeki görüşüne
cbaşsavcılığına tevdine
hiçbirine uymamaktadır
avrupa insan
hakimiyetini kaybederek
sınırlama getirilmiş
işlenmesindeki özellikler
ödül terfileri
görevlendirdiği işçilerini
bekletici mesele
gözden ırak
mezkur ihbarnamede
şekline dönüşmüştür
varlıklarını sürdürmeye
organlar varlıklarını
nejdet şahin
evrak okunarak
türkiye cumhuriyeti
hukuku anlamında
işleniş biçimi
erişilebilir bilinebilir
yürütmenin düzenleyici
ziyaret tepe
düşürmeye matuf
bordo tahakkuklarında
ispatlayıcı belgelerde
hayırsever vatandaşın
kurumların hangileri
yürürlüğe giren
bozmayı gerektirmiş
düzenlemelere uymak
uymak zorundadır
belgede sahtecilik
norm denetimi
başlayarak sürdürülüp
gecikmesinde sakınca
sürüş yeteneğini
korunmasındaki gecikmeler
direksiyon hakimiyetini
cetvelindeki pozisyonların
[12]
yöndeki görüşüne
evresine geçilmiş
bölge adliye
milleti adina
yansıtan tutanaklar
yorumlamaya müsait
any mah
anlatılış biçimine
verirken yoruma
cbaşsavcılığına tevdine
sınırlama getirilmiş
mezkur ihbarnamede
avrupa insan
hiçbirine uymamaktadır
gözden ırak
hukuku anlamında
işleniş biçimi
yaptırabileceği soru
evrak okunarak
ödül terfileri
türkiye cumhuriyeti
adil yargılanma
şekline dönüşmüştür
varlıklarını sürdürmeye
organlar varlıklarını
şahıslardan alınmakta
dışından seçilmesi
terkini sağlanmaktadır
bozmayı gerektirmiş
onur şeref
yürürlüğe giren
cereyan tarzı
düzenlemelere uymak
kanıtlama yeterliliği
düzenlenmesinde yalan
belgede sahtecilik
batına nafiz
bordo tahakkuklarında
siciline bildirmeye
başlayarak sürdürülüp
insan hakları
gözaltına alınma
harçtan muaf
ulusal bayram
cetvelindeki pozisyonların
derecekademe ilerlemesi
ilerlemesi talibinde
dil ırk
değerlendirilmesinde zorunluluk
başsavcılığına tevdiine
[11]
yöndeki görüşüne
evresine geçilmiş
any mah
yansıtan tutanaklar
bölge adliye
milleti adina
sınırlama getirilmiş
hukuku anlamında
türkiye cumhuriyeti
avrupa insan
anlatılış biçimine
gözden ırak
mezkur ihbarnamede
tutanakları münderecatına
harçtan muaf
evrak okunarak
norm denetimi
düzenlemelere uymak
mahkemelerine emek
adil yargılanma
şekline dönüşmüştür
uymak zorundadır
yürürlüğe giren
bozmayı gerektirmiş
düzenlenmesinde yalan
insan hakları
kamuya yararlı
belgede sahtecilik
intifadan men
halden hiçbirine
gözaltına alınma
kişiyi hürriyetinden
resmi gazetede
ilkelere uyulmadan
batına nafiz
mirasçılık belgesindeki
karmaşık davalar
başsavcılığına tevdiine
değerlendirilmesinde zorunluluk
saygınlığını rencide
açıklanmasından ibarettir
dil ırk
olamayacağı gözden
işleniş biçimi
dayandıkları belgelere
doğurmaya elverişli
nesafet ilkelerine
başlayarak sürdürülüp
granit madencilik
finansal kiralama
[5]
yöndeki görüşüne
bozmayı gerektirmiş
resmi gazetede
dört aydan
başsavcılığına tevdiine
insan hakları
yürürlüğe giren
adil yargılanma
süreklilik gösteren
belirlenmiştir amaç
zamanaşımına uğrama
teşvik etmek
silahtan sayılan
sonuca etkili
değerlendirilmesinde zorunluluk
trafik kazasından
takdirine gösterilen
mahalli mahkemece
denetimine olanak
arama hürriyeti
gösterilen gerekçeye
yerleşim yeri
alt sınırdan
verilmediği sürece
aksi yöndeki
üst sınırı
mülkiyet hakkına
yaralamaya teşebbüs
doğurmaya elverişli
zorunluluk bulunması
geçerli olsa
batına nafiz
kesici delici
gerçek kişilere
açıklanan delillere
yargılamaya toplanan
konuyu ayrıntılı
şeklinde sınırlama
gazetede yayımlanarak
gereği görüşülüp
iştirak edilmemiştir
yanılgıya düşülerek
çevrileceği ihtarı
uyulmadan gerekçeden
danıştay kanunu
isteyen yazısına
takdirin denetime
olamayacağı gözden
mükerrirlere özgü
bulunmaktadır hâl
[4]
yöndeki görüşüne
resmi gazetede
bozmayı gerektirmiş
başsavcılığına tevdiine
takdirine gösterilen
insan hakları
gösterilen gerekçeye
kaynaklanan tazminat
tazminat istemine
yürürlüğe giren
doğurmaya elverişli
yaralamaya teşebbüs
yargılamaya toplanan
alt sınırdan
değerlendirilmesinde zorunluluk
zorunluluk bulunması
mahalli mahkemece
zarar verme
mala zarar
gününde oy
açıklanan delillere
hayat fonksiyonlarına
gazetede yayımlanarak
belirlenmiştir amaç
zamanaşımına uğrama
aksi yöndeki
iştirak edilmemiştir
hukukî yönden
isteyen yazısına
geçerli olsa
gereği görüşülüp
şirketi taraf
şeklinde sınırlama
süreklilik gösteren
devlet hastanesince
altında kalması
itirazları konusunda
üstünlük tanınması
nitelikli hal
yılın altında
hizmetler bakanlığı
tanınmadan iddianamede
üst sınırı
bahse konu
dairesi başkanlığına
tarihindeki miktar
üçüncü fıkrası
yer alan
adli para
edildiği anlaşılmıştır
[6]
yöndeki görüşüne
oluşan inanç
bozmayı gerektirmiş
any mah
insan hakları
başsavcılığına tevdiine
resmi gazetede
adil yargılanma
belirlenmiştir amaç
zamanaşımına uğrama
dört aydan
yürürlüğe giren
yargılamayı gerektirmediğinden
takdirine gösterilen
mezkur ihbarnamede
değerlendirilmesinde zorunluluk
trafik kazasından
silahtan sayılan
arama hürriyeti
mahalli mahkemece
konuyu ayrıntılı
teşvik etmek
verilmediği sürece
gösterilen gerekçeye
doğurmaya elverişli
aksi yöndeki
süreklilik gösteren
denetimine olanak
sonuca etkili
seçimlik cezalardan
yerleşim yeri
şekline dönüşmüştür
takdirin denetime
açıklanan delillere
mülkiyet hakkına
belgede sahtecilik
altı aya
olamayacağı gözden
üst sınırı
mükerrirlere özgü
batına nafiz
kesici delici
yanılgıya düşülerek
gerçek kişilere
zorunluluk bulunması
şeklinde sınırlama
iştirak edilmemiştir
yargılamaya toplanan
yaralamaya teşebbüs
ön şartın
[7]
yöndeki görüşüne
oluşan inanç
bozmayı gerektirmiş
sınırlama getirilmiş
any mah
resmi gazetede
başsavcılığına tevdiine
mahkemelerine emek
belirlenmiştir amaç
adil yargılanma
insan hakları
dört aydan
yürürlüğe giren
yargılamayı gerektirmediğinden
zamanaşımına uğrama
teşvik etmek
verilmediği sürece
değerlendirilmesinde zorunluluk
şekline dönüşmüştür
konuyu ayrıntılı
mezkur ihbarnamede
silahtan sayılan
trafik kazasından
doğurmaya elverişli
mahalli mahkemece
olamayacağı gözden
arama hürriyeti
süreklilik gösteren
gösterilen gerekçeye
takdirine gösterilen
seçimlik cezalardan
sonuca etkili
aksi yöndeki
kısmın tamamı
açıklanan delillere
üst sınırı
ön şartın
takdirin denetime
zamanaşımını kesen
yanılgıya düşülerek
gerçek kişilere
mülkiyet hakkına
belgede sahtecilik
altı aya
şeklinde sınırlama
eylemine uyan
batına nafiz
vasfında yanılgıya
uygulanmasını etkinleştirmek
mükerrirlere özgü
[19]
evresine geçilmiş
sürdürülüp sonuçlandırılmak
bölge adliye
yorumlamaya müsait
ırak tutulmamalıdır
yansıtan tutanaklar
anlatılış biçimine
cbaşsavcılığına tevdine
yasaca cevaz
any mah
verirken yoruma
the pololauren
pololauren company
fesat karıştırma
nejdet şahin
etkin pişmanlık
dağıtıldığı bilânçoda
faaliyetlere girişemez
içtihatlarındaki değişme
avrupa insan
sınırlama getirilmiş
demesine kızarak
mantığa ilme
mamullerinin etil
müsabakalarını seyirden
eposta iletişimi
nadasa bırakılıp
tevil yollu
sertifika okutma
hürriyetleri korumaya
atfı cürüm
gecikmesinde sakınca
bozmayı gerektirmiş
hakimiyetini kaybederek
kenevir ekme
yasama yürütme
yürürlüğe giren
hiçbirine uymamaktadır
belgede sahtecilik
seçilme ehliyetinden
gerekçelerde tutarlılık
korunmasındaki gecikmeler
adil yargılanma
rızasını aramaksızın
güvenceye bağlanmaktadır
yapabilme ehliyetidir
saim üstündağ
kumar oynanması
penil şaft
hard disk
[18]
evresine geçilmiş
sürdürülüp sonuçlandırılmak
yorumlamaya müsait
ırak tutulmamalıdır
bölge adliye
yansıtan tutanaklar
fesat karıştırma
anlatılış biçimine
verirken yoruma
cbaşsavcılığına tevdine
any mah
hiçbirine uymamaktadır
yasaca cevaz
avrupa insan
ödül terfileri
gerekçelerde tutarlılık
gecikmesinde sakınca
nejdet şahin
sınırlama getirilmiş
faaliyetlere girişemez
uyuşmazlıklarını çözmek
yöndeki görüşüne
etkin pişmanlık
hidrolik kaya
gerçekleşmesini beklemek
şekline dönüşmüştür
hakimiyetini kaybederek
kenevir ekme
norm denetimi
yasama yürütme
belgede sahtecilik
bozmayı gerektirmiş
türkiye cumhuriyeti
yürürlüğe giren
adil yargılanma
rızasını aramaksızın
nadasa bırakılıp
sınırlandırılmış durumdadır
büründüğü şekildir
yapabilme ehliyetidir
penil şaft
konumuna getirmez
hard disk
sd hafıza
borsaya girmeye
kişiyi hürriyetinden
gözden ırak
ith ihr
davranışlarını yönlendirme
ulusal bayram
